19:31:17.947 | INFO    | Flow run 'dancing-skink' - Beginning flow run 'dancing-skink' for flow 'churn-prediction-pipeline'
19:31:45.018 | INFO    | Task run 'data_ingestion-d88' - Finished in state Completed()
19:32:10.170 | INFO    | Task run 'raw_data_storage-336' - Finished in state Completed()
19:33:48.077 | INFO    | Task run 'data_preparation-52d' - Finished in state Completed()
19:35:38.283 | INFO    | Task run 'data_transformation-73f' - Finished in state Completed()
19:37:09.885 | INFO    | Task run 'data_validation-310' - Finished in state Completed()
19:37:39.082 | INFO    | Task run 'feature_store-edc' - Finished in state Completed()
19:39:18.654 | INFO    | Task run 'model_trainer-253' - Finished in state Completed()
19:31:17.947 | INFO    | Flow run 'dancing-skink' - Beginning flow run 'dancing-skink' for flow 'churn-prediction-pipeline'
19:31:45.018 | INFO    | Task run 'data_ingestion-d88' - Finished in state Completed()
19:32:10.170 | INFO    | Task run 'raw_data_storage-336' - Finished in state Completed()
19:33:48.077 | INFO    | Task run 'data_preparation-52d' - Finished in state Completed()
19:35:38.283 | INFO    | Task run 'data_transformation-73f' - Finished in state Completed()
19:37:09.885 | INFO    | Task run 'data_validation-310' - Finished in state Completed()
19:37:39.082 | INFO    | Task run 'feature_store-edc' - Finished in state Completed()
19:39:18.654 | INFO    | Task run 'model_trainer-253' - Finished in state Completed()
19:31:17.947 | INFO    | Flow run 'dancing-skink' - Beginning flow run 'dancing-skink' for flow 'churn-prediction-pipeline'
19:31:45.018 | INFO    | Task run 'data_ingestion-d88' - Finished in state Completed()
19:32:10.170 | INFO    | Task run 'raw_data_storage-336' - Finished in state Completed()
19:33:48.077 | INFO    | Task run 'data_preparation-52d' - Finished in state Completed()
19:35:38.283 | INFO    | Task run 'data_transformation-73f' - Finished in state Completed()
19:37:09.885 | INFO    | Task run 'data_validation-310' - Finished in state Completed()
19:37:39.082 | INFO    | Task run 'feature_store-edc' - Finished in state Completed()
19:31:17.947 | INFO    | Flow run 'dancing-skink' - Beginning flow run 'dancing-skink' for flow 'churn-prediction-pipeline'
19:31:45.018 | INFO    | Task run 'data_ingestion-d88' - Finished in state Completed()
19:32:10.170 | INFO    | Task run 'raw_data_storage-336' - Finished in state Completed()
19:33:48.077 | INFO    | Task run 'data_preparation-52d' - Finished in state Completed()
19:35:38.283 | INFO    | Task run 'data_transformation-73f' - Finished in state Completed()
19:37:09.885 | INFO    | Task run 'data_validation-310' - Finished in state Completed()
19:37:39.082 | INFO    | Task run 'feature_store-edc' - Finished in state Completed()
19:39:18.654 | INFO    | Task run 'model_trainer-253' - Finished in state Completed()
19:33:48.077 | INFO    | Task run 'data_preparation-52d' - Finished in state Completed()
19:35:38.283 | INFO    | Task run 'data_transformation-73f' - Finished in state Completed()
19:37:09.885 | INFO    | Task run 'data_validation-310' - Finished in state Completed()
19:37:39.082 | INFO    | Task run 'feature_store-edc' - Finished in state Completed()
19:39:18.654 | INFO    | Task run 'model_trainer-253' - Finished in state Completed()
19:39:18.911 | INFO    | Flow run 'dancing-skink' - Finished in state Completed()
19:37:39.082 | INFO    | Task run 'feature_store-edc' - Finished in state Completed()
19:39:18.654 | INFO    | Task run 'model_trainer-253' - Finished in state Completed()
19:39:18.911 | INFO    | Flow run 'dancing-skink' - Finished in state Completed()
19:39:18.911 | INFO    | Flow run 'dancing-skink' - Finished in state Completed()
19:39:18.985 | INFO    | prefect - Stopping temporary server on http://127.0.0.1:8557